SCUBA, Version Diamond (64-bit) 3.10.0.111.2
Thu Feb 24 17:14:00 2022
  
Copyright (c) 1991-1994 by NeoCAD Inc. All rights reserved.
Copyright (c) 1995 AT&T Corp.   All rights reserved.
Copyright (c) 1995-2001 Lucent Technologies Inc.  All rights reserved.
Copyright (c) 2001 Agere Systems   All rights reserved.
Copyright (c) 2002-2017 Lattice Semiconductor Corporation,  All rights reserved.
  
BEGIN SCUBA Module Synthesis
  
    Issued command   : D:\Program Files\lscc\diamond\3.10_x64\ispfpga\bin\nt64\scuba.exe -w -n dds_pll -lang verilog -synth lse -arch xo2c00 -type pll -fin 12 -fclkop 120 -fclkop_tol 0.0 -trimp 0 -phasep 0 -trimp_r -phase_cntl STATIC -fb_mode 1 
    Circuit name     : dds_pll
    Module type      : pll
    Module Version   : 5.7
    Ports            : 
    Inputs       : CLKI
    Outputs      : CLKOP
    I/O buffer       : not inserted
    EDIF output      : dds_pll.edn
    Verilog output   : dds_pll.v
    Verilog template : dds_pll_tmpl.v
    Verilog purpose  : for synthesis and simulation
    Bus notation     : big endian
    Report output    : dds_pll.srp
    Estimated Resource Usage:
  
END   SCUBA Module Synthesis

